manifest_merge_blame_file/debug/manifest-merger-blame-debug-report.txt
1<?xml version="1.0" encoding="utf-8"?>
2<manifest xmlns:android="http://schemas.android.com/apk/res/android"
3    package="com.example.android.populartvapp"
4    android:versionCode="1"
5    android:versionName="1.0" >
6
7    <uses-sdk
8        android:minSdkVersion="22"
8-->src\main\AndroidManifest.xml
9        android:targetSdkVersion="30" />
9-->src\main\AndroidManifest.xml
10
11    <uses-permission android:name="android.permission.INTERNET" />
11-->src\main\AndroidManifest.xml:5:5-67
11-->src\main\AndroidManifest.xml:5:22-64
12    <uses-permission android:name="android.permission.ACCESS_NETWORK_STATE" />
12-->src\main\AndroidManifest.xml:6:5-79
12-->src\main\AndroidManifest.xml:6:22-76
13
14    <application
14-->src\main\AndroidManifest.xml:8:5-52:19
15        android:allowBackup="true"
15-->src\main\AndroidManifest.xml:9:9-35
16        android:appComponentFactory="androidx.core.app.CoreComponentFactory"
16-->[androidx.core:core:1.3.1] AndroidManifest.xml:24:18-86
17        android:debuggable="true"
18        android:icon="@mipmap/ic_launcher"
18-->src\main\AndroidManifest.xml:10:9-43
19        android:label="Popular TV Series"
19-->src\main\AndroidManifest.xml:11:9-42
20        android:roundIcon="@mipmap/ic_launcher_round"
20-->src\main\AndroidManifest.xml:12:9-54
21        android:supportsRtl="true"
21-->src\main\AndroidManifest.xml:13:9-35
22        android:testOnly="true"
23        android:theme="@style/AppTheme" >
23-->src\main\AndroidManifest.xml:14:9-40
24        <receiver
24-->src\main\AndroidManifest.xml:15:9-18:39
25            android:name="com.example.android.populartvapp.AlarmReceiver"
25-->src\main\AndroidManifest.xml:16:13-42
26            android:enabled="true"
26-->src\main\AndroidManifest.xml:17:13-35
27            android:exported="false" />
27-->src\main\AndroidManifest.xml:18:13-37
28
29        <activity
29-->src\main\AndroidManifest.xml:19:9-22:40
30            android:name="com.example.android.populartvapp.MainActivity"
30-->src\main\AndroidManifest.xml:19:19-47
31            android:label="TV Series"
31-->src\main\AndroidManifest.xml:22:13-38
32            android:screenOrientation="portrait"
32-->src\main\AndroidManifest.xml:20:13-49
33            android:theme="@style/AppTheme.NoActionBar" />
33-->src\main\AndroidManifest.xml:21:13-56
34        <activity
34-->src\main\AndroidManifest.xml:23:9-31:20
35            android:name="com.example.android.populartvapp.DetailActivity"
35-->src\main\AndroidManifest.xml:24:13-43
36            android:label="Detail Activity"
36-->src\main\AndroidManifest.xml:25:13-44
37            android:screenOrientation="portrait"
37-->src\main\AndroidManifest.xml:26:13-49
38            android:theme="@style/AppTheme.NoActionBarTranslucent" >
38-->src\main\AndroidManifest.xml:27:13-67
39            <meta-data
39-->src\main\AndroidManifest.xml:28:13-30:81
40                android:name="android.support.PARENT_ACTIVITY"
40-->src\main\AndroidManifest.xml:29:17-63
41                android:value="com.example.android.populartvapp.MainActivity" />
41-->src\main\AndroidManifest.xml:30:17-78
42        </activity>
43        <activity
43-->src\main\AndroidManifest.xml:32:9-38:20
44            android:name="com.example.android.populartvapp.AboutActivity"
44-->src\main\AndroidManifest.xml:33:13-42
45            android:label="About" >
45-->src\main\AndroidManifest.xml:34:13-34
46            <meta-data
46-->src\main\AndroidManifest.xml:28:13-30:81
47                android:name="android.support.PARENT_ACTIVITY"
47-->src\main\AndroidManifest.xml:29:17-63
48                android:value="com.example.android.populartvapp.MainActivity" />
48-->src\main\AndroidManifest.xml:30:17-78
49        </activity>
50        <activity
50-->src\main\AndroidManifest.xml:39:9-42:66
51            android:name="com.example.android.populartvapp.IntroActivity"
51-->src\main\AndroidManifest.xml:40:13-42
52            android:label="My Custom AppIntro"
52-->src\main\AndroidManifest.xml:41:13-47
53            android:theme="@style/Theme.AppCompat.NoActionBar" />
53-->src\main\AndroidManifest.xml:42:13-63
54        <activity
54-->src\main\AndroidManifest.xml:43:9-51:20
55            android:name="com.example.android.populartvapp.SplashscreenActivity"
55-->src\main\AndroidManifest.xml:44:13-49
56            android:theme="@style/Theme.AppCompat.NoActionBar" >
56-->src\main\AndroidManifest.xml:45:13-63
57            <intent-filter>
57-->src\main\AndroidManifest.xml:46:13-50:29
58                <action android:name="android.intent.action.MAIN" />
58-->src\main\AndroidManifest.xml:47:17-69
58-->src\main\AndroidManifest.xml:47:25-66
59
60                <category android:name="android.intent.category.LAUNCHER" />
60-->src\main\AndroidManifest.xml:49:17-77
60-->src\main\AndroidManifest.xml:49:27-74
61            </intent-filter>
62        </activity>
63
64        <service
64-->[androidx.room:room-runtime:2.2.5] AndroidManifest.xml:25:9-28:40
65            android:name="androidx.room.MultiInstanceInvalidationService"
65-->[androidx.room:room-runtime:2.2.5] AndroidManifest.xml:26:13-74
66            android:directBootAware="true"
66-->[androidx.room:room-runtime:2.2.5] AndroidManifest.xml:27:13-43
67            android:exported="false" />
67-->[androidx.room:room-runtime:2.2.5] AndroidManifest.xml:28:13-37
68
69        <provider
69-->[androidx.lifecycle:lifecycle-process:2.0.0] AndroidManifest.xml:23:9-27:43
70            android:name="androidx.lifecycle.ProcessLifecycleOwnerInitializer"
70-->[androidx.lifecycle:lifecycle-process:2.0.0] AndroidManifest.xml:24:13-79
71            android:authorities="com.example.android.populartvapp.lifecycle-process"
71-->[androidx.lifecycle:lifecycle-process:2.0.0] AndroidManifest.xml:25:13-69
72            android:exported="false"
72-->[androidx.lifecycle:lifecycle-process:2.0.0] AndroidManifest.xml:26:13-37
73            android:multiprocess="true" />
73-->[androidx.lifecycle:lifecycle-process:2.0.0] AndroidManifest.xml:27:13-40
74    </application>
75
76</manifest>